<?xml version="1.0" encoding="UTF-8"?>
<testsuite xmlns:xsi="http://www.w3.org/2001/XMLSchema-instance" xsi:noNamespaceSchemaLocation="https://maven.apache.org/surefire/maven-surefire-plugin/xsd/surefire-test-report.xsd" name="com.mycompany.app.AppTest" time="0.052" tests="1" errors="0" skipped="0" failures="0">
  <properties>
    <property name="sun.desktop" value="windows"/>
    <property name="awt.toolkit" value="sun.awt.windows.WToolkit"/>
    <property name="file.encoding.pkg" value="sun.io"/>
    <property name="java.specification.version" value="1.8"/>
    <property name="sun.cpu.isalist" value="amd64"/>
    <property name="sun.jnu.encoding" value="Cp1252"/>
    <property name="java.class.path" value="D:\examples\maven\my-app\target\test-classes;D:\examples\maven\my-app\target\classes;C:\Users\qusl\.m2\repository\junit\junit\4.11\junit-4.11.jar;C:\Users\qusl\.m2\repository\org\hamcrest\hamcrest-core\1.3\hamcrest-core-1.3.jar;"/>
    <property name="java.vm.vendor" value="Oracle Corporation"/>
    <property name="sun.arch.data.model" value="64"/>
    <property name="user.variant" value=""/>
    <property name="java.vendor.url" value="http://java.oracle.com/"/>
    <property name="user.timezone" value="America/New_York"/>
    <property name="java.vm.specification.version" value="1.8"/>
    <property name="os.name" value="Windows 10"/>
    <property name="user.country" value="CA"/>
    <property name="sun.java.launcher" value="SUN_STANDARD"/>
    <property name="sun.boot.library.path" value="F:\dev\tools\jdk1.8.0_251\jre\bin"/>
    <property name="sun.java.command" value="C:\Users\qusl\AppData\Local\Temp\surefire900187611577116766\surefirebooter4108679381980304703.jar C:\Users\qusl\AppData\Local\Temp\surefire900187611577116766 2020-06-17T13-37-28_522-jvmRun1 surefire2090068419906580521tmp surefire_07149378985196049945tmp"/>
    <property name="surefire.test.class.path" value="D:\examples\maven\my-app\target\test-classes;D:\examples\maven\my-app\target\classes;C:\Users\qusl\.m2\repository\junit\junit\4.11\junit-4.11.jar;C:\Users\qusl\.m2\repository\org\hamcrest\hamcrest-core\1.3\hamcrest-core-1.3.jar;"/>
    <property name="sun.cpu.endian" value="little"/>
    <property name="user.home" value="C:\Users\qusl"/>
    <property name="user.language" value="en"/>
    <property name="java.specification.vendor" value="Oracle Corporation"/>
    <property name="java.home" value="F:\dev\tools\jdk1.8.0_251\jre"/>
    <property name="basedir" value="D:\examples\maven\my-app"/>
    <property name="file.separator" value="\"/>
    <property name="line.separator" value="&#10;"/>
    <property name="java.vm.specification.vendor" value="Oracle Corporation"/>
    <property name="java.specification.name" value="Java Platform API Specification"/>
    <property name="java.awt.graphicsenv" value="sun.awt.Win32GraphicsEnvironment"/>
    <property name="surefire.real.class.path" value="C:\Users\qusl\AppData\Local\Temp\surefire900187611577116766\surefirebooter4108679381980304703.jar"/>
    <property name="sun.boot.class.path" value="F:\dev\tools\jdk1.8.0_251\jre\lib\resources.jar;F:\dev\tools\jdk1.8.0_251\jre\lib\rt.jar;F:\dev\tools\jdk1.8.0_251\jre\lib\sunrsasign.jar;F:\dev\tools\jdk1.8.0_251\jre\lib\jsse.jar;F:\dev\tools\jdk1.8.0_251\jre\lib\jce.jar;F:\dev\tools\jdk1.8.0_251\jre\lib\charsets.jar;F:\dev\tools\jdk1.8.0_251\jre\lib\jfr.jar;F:\dev\tools\jdk1.8.0_251\jre\classes"/>
    <property name="user.script" value=""/>
    <property name="sun.management.compiler" value="HotSpot 64-Bit Tiered Compilers"/>
    <property name="java.runtime.version" value="1.8.0_251-b08"/>
    <property name="user.name" value="qusl"/>
    <property name="path.separator" value=";"/>
    <property name="os.version" value="10.0"/>
    <property name="java.endorsed.dirs" value="F:\dev\tools\jdk1.8.0_251\jre\lib\endorsed"/>
    <property name="java.runtime.name" value="Java(TM) SE Runtime Environment"/>
    <property name="file.encoding" value="Cp1252"/>
    <property name="java.vm.name" value="Java HotSpot(TM) 64-Bit Server VM"/>
    <property name="localRepository" value="C:\Users\qusl\.m2\repository"/>
    <property name="java.vendor.url.bug" value="http://bugreport.sun.com/bugreport/"/>
    <property name="java.io.tmpdir" value="C:\Users\qusl\AppData\Local\Temp\"/>
    <property name="java.version" value="1.8.0_251"/>
    <property name="user.dir" value="D:\examples\maven\my-app"/>
    <property name="os.arch" value="amd64"/>
    <property name="java.vm.specification.name" value="Java Virtual Machine Specification"/>
    <property name="java.awt.printerjob" value="sun.awt.windows.WPrinterJob"/>
    <property name="sun.os.patch.level" value=""/>
    <property name="java.library.path" value="F:\dev\tools\jdk1.8.0_251\jre\bin;C:\WINDOWS\Sun\Java\bin;C:\WINDOWS\system32;C:\WINDOWS;F:\Program Files\Git\mingw64\bin;F:\Program Files\Git\usr\bin;C:\Users\qusl\bin;F:\Program Files (x86)\Python38-32\Scripts;F:\Program Files (x86)\Python38-32;C:\Program Files (x86)\Microsoft SDKs\Azure\CLI2\wbin;C:\Program Files (x86)\Common Files\Oracle\Java\javapath;C:\WINDOWS\system32;C:\WINDOWS;C:\WINDOWS\System32\Wbem;C:\WINDOWS\System32\WindowsPowerShell\v1.0;C:\WINDOWS\System32\OpenSSH;F:\Program Files\CMake\bin;F:\Program Files\Microsoft VS Code\bin;C:\Program Files\dotnet;C:\Program Files (x86)\Microsoft SQL Server\150\DTS\Binn;F:\Program Files\Git\cmd;C:\Program Files\Microsoft SQL Server\130\Tools\Binn;C:\Program Files\Microsoft SQL Server\Client SDK\ODBC\170\Tools\Binn;F:\dev\tools\jdk1.8.0_251\bin;F:\dev\tools\apache-maven-3.6.3\bin;F:\dev\tools\apache-maven-3.6.3\bin;C:\Program Files\Docker\Docker\resources\bin;C:\ProgramData\DockerDesktop\version-bin;F:\Users\qusl\AppData\Roaming\npm;F:\dev\node-v10.21.0-win-x64;F:\Program Files\MySQL\MySQL Shell 8.0\bin;C:\Users\qusl\AppData\Local\Microsoft\WindowsApps;."/>
    <property name="java.vm.info" value="mixed mode"/>
    <property name="java.vendor" value="Oracle Corporation"/>
    <property name="java.vm.version" value="25.251-b08"/>
    <property name="java.ext.dirs" value="F:\dev\tools\jdk1.8.0_251\jre\lib\ext;C:\WINDOWS\Sun\Java\lib\ext"/>
    <property name="sun.io.unicode.encoding" value="UnicodeLittle"/>
    <property name="java.class.version" value="52.0"/>
  </properties>
  <testcase name="shouldAnswerWithTrue" classname="com.mycompany.app.AppTest" time="0.002"/>
</testsuite>